<?xml version="1.0" encoding="UTF-8"?>
<testsuite name="com.springboot.trainingPOC.service.FileManagerServiceImplTest" tests="4" skipped="0" failures="0" errors="0" timestamp="2022-01-14T10:34:57" hostname="EXR23-PC" time="0.17">
  <properties/>
  <testcase name="testGetFileDetailsById_NoFilesPresent()" classname="com.springboot.trainingPOC.service.FileManagerServiceImplTest" time="0.063"/>
  <testcase name="testGetFileDetailsByUserName()" classname="com.springboot.trainingPOC.service.FileManagerServiceImplTest" time="0.088"/>
  <testcase name="testGetFileDetailsByUserName_NoFilesPresent()" classname="com.springboot.trainingPOC.service.FileManagerServiceImplTest" time="0.007"/>
  <testcase name="testGetFileDetailsById_InvalidUUID()" classname="com.springboot.trainingPOC.service.FileManagerServiceImplTest" time="0.005"/>
  <system-out><![CDATA[16:04:53.378 [Test worker] DEBUG org.springframework.test.context.BootstrapUtils - Instantiating CacheAwareContextLoaderDelegate from class [org.springframework.test.context.cache.DefaultCacheAwareContextLoaderDelegate]
16:04:53.390 [Test worker] DEBUG org.springframework.test.context.BootstrapUtils - Instantiating BootstrapContext using constructor [public org.springframework.test.context.support.DefaultBootstrapContext(java.lang.Class,org.springframework.test.context.CacheAwareContextLoaderDelegate)]
16:04:53.430 [Test worker] DEBUG org.springframework.test.context.BootstrapUtils - Instantiating TestContextBootstrapper for test class [com.springboot.trainingPOC.service.FileManagerServiceImplTest] from class [org.springframework.boot.test.context.SpringBootTestContextBootstrapper]
16:04:53.446 [Test worker] INFO org.springframework.boot.test.context.SpringBootTestContextBootstrapper - Neither @ContextConfiguration nor @ContextHierarchy found for test class [com.springboot.trainingPOC.service.FileManagerServiceImplTest], using SpringBootContextLoader
16:04:53.452 [Test worker] DEBUG org.springframework.test.context.support.AbstractContextLoader - Did not detect default resource location for test class [com.springboot.trainingPOC.service.FileManagerServiceImplTest]: class path resource [com/springboot/trainingPOC/service/FileManagerServiceImplTest-context.xml] does not exist
16:04:53.453 [Test worker] DEBUG org.springframework.test.context.support.AbstractContextLoader - Did not detect default resource location for test class [com.springboot.trainingPOC.service.FileManagerServiceImplTest]: class path resource [com/springboot/trainingPOC/service/FileManagerServiceImplTestContext.groovy] does not exist
16:04:53.453 [Test worker] INFO org.springframework.test.context.support.AbstractContextLoader - Could not detect default resource locations for test class [com.springboot.trainingPOC.service.FileManagerServiceImplTest]: no resource found for suffixes {-context.xml, Context.groovy}.
16:04:53.453 [Test worker] INFO org.springframework.test.context.support.AnnotationConfigContextLoaderUtils - Could not detect default configuration classes for test class [com.springboot.trainingPOC.service.FileManagerServiceImplTest]: FileManagerServiceImplTest does not declare any static, non-private, non-final, nested classes annotated with @Configuration.
16:04:53.514 [Test worker] DEBUG org.springframework.test.context.support.ActiveProfilesUtils - Could not find an 'annotation declaring class' for annotation type [org.springframework.test.context.ActiveProfiles] and class [com.springboot.trainingPOC.service.FileManagerServiceImplTest]
16:04:53.592 [Test worker] DEBUG org.springframework.context.annotation.ClassPathScanningCandidateComponentProvider - Identified candidate component class: file [C:\Users\sanjeet.burnawal\MobileHeartBeat\Documents\Training\Workspace\TrainingPOC\TrainingPOC\build\classes\java\main\com\springboot\trainingPOC\TrainingPocApplication.class]
16:04:53.594 [Test worker] INFO org.springframework.boot.test.context.SpringBootTestContextBootstrapper - Found @SpringBootConfiguration com.springboot.trainingPOC.TrainingPocApplication for test class com.springboot.trainingPOC.service.FileManagerServiceImplTest
16:04:53.712 [Test worker] DEBUG org.springframework.boot.test.context.SpringBootTestContextBootstrapper - @TestExecutionListeners is not present for class [com.springboot.trainingPOC.service.FileManagerServiceImplTest]: using defaults.
16:04:53.713 [Test worker] INFO org.springframework.boot.test.context.SpringBootTestContextBootstrapper - Loaded default TestExecutionListener class names from location [META-INF/spring.factories]: [org.springframework.boot.test.autoconfigure.restdocs.RestDocsTestExecutionListener, org.springframework.boot.test.autoconfigure.web.client.MockRestServiceServerResetTestExecutionListener, org.springframework.boot.test.autoconfigure.web.servlet.MockMvcPrintOnlyOnFailureTestExecutionListener, org.springframework.boot.test.autoconfigure.web.servlet.WebDriverTestExecutionListener, org.springframework.boot.test.autoconfigure.webservices.client.MockWebServiceServerTestExecutionListener, org.springframework.boot.test.mock.mockito.MockitoTestExecutionListener, org.springframework.boot.test.mock.mockito.ResetMocksTestExecutionListener, org.springframework.test.context.web.ServletTestExecutionListener, org.springframework.test.context.support.DirtiesContextBeforeModesTestExecutionListener, org.springframework.test.context.event.ApplicationEventsTestExecutionListener, org.springframework.test.context.support.DependencyInjectionTestExecutionListener, org.springframework.test.context.support.DirtiesContextTestExecutionListener, org.springframework.test.context.transaction.TransactionalTestExecutionListener, org.springframework.test.context.jdbc.SqlScriptsTestExecutionListener, org.springframework.test.context.event.EventPublishingTestExecutionListener]
16:04:53.731 [Test worker] INFO org.springframework.boot.test.context.SpringBootTestContextBootstrapper - Using TestExecutionListeners: [org.springframework.test.context.web.ServletTestExecutionListener@733037, org.springframework.test.context.support.DirtiesContextBeforeModesTestExecutionListener@7728643a, org.springframework.test.context.event.ApplicationEventsTestExecutionListener@320e400, org.springframework.boot.test.mock.mockito.MockitoTestExecutionListener@5167268, org.springframework.boot.test.autoconfigure.SpringBootDependencyInjectionTestExecutionListener@1cfd1875, org.springframework.test.context.support.DirtiesContextTestExecutionListener@28c0b664, org.springframework.test.context.transaction.TransactionalTestExecutionListener@2c444798, org.springframework.test.context.jdbc.SqlScriptsTestExecutionListener@1af7f54a, org.springframework.test.context.event.EventPublishingTestExecutionListener@6ebd78d1, org.springframework.boot.test.autoconfigure.restdocs.RestDocsTestExecutionListener@436390f4, org.springframework.boot.test.autoconfigure.web.client.MockRestServiceServerResetTestExecutionListener@4d157787, org.springframework.boot.test.autoconfigure.web.servlet.MockMvcPrintOnlyOnFailureTestExecutionListener@68ed96ca, org.springframework.boot.test.autoconfigure.web.servlet.WebDriverTestExecutionListener@6d1310f6, org.springframework.boot.test.autoconfigure.webservices.client.MockWebServiceServerTestExecutionListener@3228d990, org.springframework.boot.test.mock.mockito.ResetMocksTestExecutionListener@54e7391d]
16:04:53.736 [Test worker] DEBUG org.springframework.test.context.support.AbstractDirtiesContextTestExecutionListener - Before test class: context [DefaultTestContext@3f2049b6 testClass = FileManagerServiceImplTest, testInstance = [null], testMethod = [null], testException = [null], mergedContextConfiguration = [WebMergedContextConfiguration@10b3df93 testClass = FileManagerServiceImplTest, locations = '{}', classes = '{class com.springboot.trainingPOC.TrainingPocApplication}', contextInitializerClasses = '[]', activeProfiles = '{}', propertySourceLocations = '{}', propertySourceProperties = '{org.springframework.boot.test.context.SpringBootTestContextBootstrapper=true}', contextCustomizers = set[org.springframework.boot.test.autoconfigure.actuate.metrics.MetricsExportContextCustomizerFactory$DisableMetricExportContextCustomizer@40cb698e, org.springframework.boot.test.autoconfigure.properties.PropertyMappingContextCustomizer@0, org.springframework.boot.test.autoconfigure.web.servlet.WebDriverContextCustomizerFactory$Customizer@2262b621, org.springframework.boot.test.context.filter.ExcludeFilterContextCustomizer@25e2a451, org.springframework.boot.test.json.DuplicateJsonObjectContextCustomizerFactory$DuplicateJsonObjectContextCustomizer@2fc0cc3, org.springframework.boot.test.mock.mockito.MockitoContextCustomizer@e5d76e92, org.springframework.boot.test.web.client.TestRestTemplateContextCustomizer@7c2b6087, org.springframework.boot.test.context.SpringBootTestArgs@1, org.springframework.boot.test.context.SpringBootTestWebEnvironment@76b07f29], resourceBasePath = 'src/main/webapp', contextLoader = 'org.springframework.boot.test.context.SpringBootContextLoader', parent = [null]], attributes = map['org.springframework.test.context.web.ServletTestExecutionListener.activateListener' -> true]], class annotated with @DirtiesContext [false] with mode [null].
16:04:53.801 [Test worker] DEBUG org.springframework.boot.ApplicationServletEnvironment - Activating profiles []
16:04:53.802 [Test worker] DEBUG org.springframework.test.context.support.TestPropertySourceUtils - Adding inlined properties to environment: {spring.jmx.enabled=false, org.springframework.boot.test.context.SpringBootTestContextBootstrapper=true}

  .   ____          _            __ _ _
 /\\ / ___'_ __ _ _(_)_ __  __ _ \ \ \ \
( ( )\___ | '_ | '_| | '_ \/ _` | \ \ \ \
 \\/  ___)| |_)| | | | | || (_| |  ) ) ) )
  '  |____| .__|_| |_|_| |_\__, | / / / /
 =========|_|==============|___/=/_/_/_/
 :: Spring Boot ::                (v2.6.2)

2022-01-14 16:04:54.142  INFO 34860 --- [    Test worker] c.s.t.s.FileManagerServiceImplTest       : Starting FileManagerServiceImplTest using Java 11.0.12 on EXR23-PC with PID 34860 (started by sanjeet.burnawal in C:\Users\sanjeet.burnawal\MobileHeartBeat\Documents\Training\Workspace\TrainingPOC\TrainingPOC)
2022-01-14 16:04:54.143  INFO 34860 --- [    Test worker] c.s.t.s.FileManagerServiceImplTest       : No active profile set, falling back to default profiles: default
2022-01-14 16:04:54.783  INFO 34860 --- [    Test worker] .s.d.r.c.RepositoryConfigurationDelegate : Bootstrapping Spring Data MongoDB repositories in DEFAULT mode.
2022-01-14 16:04:54.840  INFO 34860 --- [    Test worker] .s.d.r.c.RepositoryConfigurationDelegate : Finished Spring Data repository scanning in 51 ms. Found 1 MongoDB repository interfaces.
2022-01-14 16:04:56.668  INFO 34860 --- [    Test worker] org.mongodb.driver.cluster               : Cluster created with settings {hosts=[localhost:27017], mode=SINGLE, requiredClusterType=UNKNOWN, serverSelectionTimeout='30000 ms'}
2022-01-14 16:04:56.760  INFO 34860 --- [localhost:27017] org.mongodb.driver.connection            : Opened connection [connectionId{localValue:1, serverValue:631}] to localhost:27017
2022-01-14 16:04:56.760  INFO 34860 --- [localhost:27017] org.mongodb.driver.connection            : Opened connection [connectionId{localValue:2, serverValue:632}] to localhost:27017
2022-01-14 16:04:56.761  INFO 34860 --- [localhost:27017] org.mongodb.driver.cluster               : Monitor thread successfully connected to server with description ServerDescription{address=localhost:27017, type=STANDALONE, state=CONNECTED, ok=true, minWireVersion=0, maxWireVersion=13, maxDocumentSize=16777216, logicalSessionTimeoutMinutes=30, roundTripTimeNanos=25815800}
2022-01-14 16:04:57.096  INFO 34860 --- [    Test worker] c.s.t.s.FileManagerServiceImplTest       : Started FileManagerServiceImplTest in 3.292 seconds (JVM running for 5.074)
]]></system-out>
  <system-err><![CDATA[]]></system-err>
</testsuite>
